# JRE version: Java(TM) SE Runtime Environment (26.0+35) (build 26+35-2893)
# Java VM: Java HotSpot(TM) 64-Bit Server VM (26+35-2893, mixed mode, sharing, tiered, compressed oops, compressed class ptrs, g1 gc, windows-amd64)
GC Precious Log:
 CardTable entry size: 512
 Card Set container configuration: InlinePtr #cards 4 size 8 Array Of Cards #cards 16 size 48 Howl #buckets 8 coarsen threshold 3686 Howl Bitmap #cards 512 size 80 coarsen threshold 460 Card regions per heap region 1 cards per card region 4096
 CPUs: 12 total, 12 available
 Memory: 16091M
 Large Page Support: Disabled
 NUMA Support: Disabled
 Compressed Oops: Enabled (Zero based)
 Heap Region Size: 2M
 Heap Min Capacity: 8M
 Heap Initial Capacity: 8M
 Heap Max Capacity: 4024M
 Pre-touch: Disabled
 Parallel Workers: 10
 Concurrent Workers: 3
 Concurrent Refinement Workers: 10
 Periodic GC: Disabled
Heap:
 garbage-first heap   total reserved 4120576K, committed 245760K, used 44037K [0x0000000704800000, 0x0000000800000000)
  region size 2M, 14 eden (28M), 2 survivor (4M), 8 old (16M), 0 humongous (0M), 96 free (192M)
GC Heap Usage History (20 events):
Event: 0.349 {heap Before GC invocations=2 (full 0):
 garbage-first heap   total reserved 4120576K, committed 10240K, used 5099K [0x0000000704800000, 0x0000000800000000)
  region size 2M, 1 eden (2M), 1 survivor (2M), 2 old (4M), 0 humongous (0M), 1 free (2M)
}
Event: 0.351 {heap After GC invocations=3 (full 0):
 garbage-first heap   total reserved 4120576K, committed 10240K, used 3512K [0x0000000704800000, 0x0000000800000000)
  region size 2M, 0 eden (0M), 1 survivor (2M), 2 old (4M), 0 humongous (0M), 2 free (4M)
}
Event: 0.416 {heap Before GC invocations=3 (full 0):
 garbage-first heap   total reserved 4120576K, committed 10240K, used 5560K [0x0000000704800000, 0x0000000800000000)
  region size 2M, 1 eden (2M), 1 survivor (2M), 2 old (4M), 0 humongous (0M), 1 free (2M)
}
Event: 0.418 {heap After GC invocations=4 (full 0):
 garbage-first heap   total reserved 4120576K, committed 26624K, used 4018K [0x0000000704800000, 0x0000000800000000)
  region size 2M, 0 eden (0M), 1 survivor (2M), 2 old (4M), 0 humongous (0M), 10 free (20M)
}
Event: 0.676 {heap Before GC invocations=4 (full 0):
 garbage-first heap   total reserved 4120576K, committed 26624K, used 12210K [0x0000000704800000, 0x0000000800000000)
  region size 2M, 5 eden (10M), 1 survivor (2M), 2 old (4M), 0 humongous (0M), 5 free (10M)
}
Event: 0.680 {heap After GC invocations=5 (full 0):
 garbage-first heap   total reserved 4120576K, committed 26624K, used 4371K [0x0000000704800000, 0x0000000800000000)
  region size 2M, 0 eden (0M), 1 survivor (2M), 2 old (4M), 0 humongous (0M), 10 free (20M)
}
Event: 0.866 {heap Before GC invocations=5 (full 0):
 garbage-first heap   total reserved 4120576K, committed 26624K, used 16659K [0x0000000704800000, 0x0000000800000000)
  region size 2M, 6 eden (12M), 1 survivor (2M), 2 old (4M), 0 humongous (0M), 4 free (8M)
}
Event: 0.872 {heap After GC invocations=6 (full 0):
 garbage-first heap   total reserved 4120576K, committed 26624K, used 4869K [0x0000000704800000, 0x0000000800000000)
  region size 2M, 0 eden (0M), 1 survivor (2M), 3 old (6M), 0 humongous (0M), 9 free (18M)
}
Event: 1.139 {heap Before GC invocations=6 (full 0):
 garbage-first heap   total reserved 4120576K, committed 26624K, used 15109K [0x0000000704800000, 0x0000000800000000)
  region size 2M, 6 eden (12M), 1 survivor (2M), 3 old (6M), 0 humongous (0M), 3 free (6M)
}
Event: 1.145 {heap After GC invocations=7 (full 0):
 garbage-first heap   total reserved 4120576K, committed 26624K, used 5625K [0x0000000704800000, 0x0000000800000000)
  region size 2M, 0 eden (0M), 1 survivor (2M), 3 old (6M), 0 humongous (0M), 9 free (18M)
}
Event: 1.531 {heap Before GC invocations=7 (full 0):
 garbage-first heap   total reserved 4120576K, committed 26624K, used 17913K [0x0000000704800000, 0x0000000800000000)
  region size 2M, 6 eden (12M), 1 survivor (2M), 3 old (6M), 0 humongous (0M), 3 free (6M)
}
Event: 1.538 {heap After GC invocations=8 (full 0):
 garbage-first heap   total reserved 4120576K, committed 75776K, used 6887K [0x0000000704800000, 0x0000000800000000)
  region size 2M, 0 eden (0M), 1 survivor (2M), 3 old (6M), 0 humongous (0M), 33 free (66M)
}
Event: 2.371 {heap Before GC invocations=8 (full 0):
 garbage-first heap   total reserved 4120576K, committed 75776K, used 49895K [0x0000000704800000, 0x0000000800000000)
  region size 2M, 21 eden (42M), 1 survivor (2M), 3 old (6M), 0 humongous (0M), 12 free (24M)
}
Event: 2.385 {heap After GC invocations=9 (full 0):
 garbage-first heap   total reserved 4120576K, committed 75776K, used 12347K [0x0000000704800000, 0x0000000800000000)
  region size 2M, 0 eden (0M), 3 survivor (6M), 4 old (8M), 0 humongous (0M), 30 free (60M)
}
Event: 2.893 {heap Before GC invocations=9 (full 0):
 garbage-first heap   total reserved 4120576K, committed 75776K, used 51259K [0x0000000704800000, 0x0000000800000000)
  region size 2M, 19 eden (38M), 3 survivor (6M), 4 old (8M), 0 humongous (0M), 11 free (22M)
}
Event: 2.904 {heap After GC invocations=10 (full 0):
 garbage-first heap   total reserved 4120576K, committed 75776K, used 15857K [0x0000000704800000, 0x0000000800000000)
  region size 2M, 0 eden (0M), 2 survivor (4M), 7 old (14M), 0 humongous (0M), 28 free (56M)
}
Event: 3.271 {heap Before GC invocations=10 (full 0):
 garbage-first heap   total reserved 4120576K, committed 75776K, used 54769K [0x0000000704800000, 0x0000000800000000)
  region size 2M, 10 eden (20M), 2 survivor (4M), 7 old (14M), 10 humongous (20M), 8 free (16M)
}
Event: 3.276 {heap After GC invocations=11 (full 0):
 garbage-first heap   total reserved 4120576K, committed 75776K, used 36145K [0x0000000704800000, 0x0000000800000000)
  region size 2M, 0 eden (0M), 2 survivor (4M), 7 old (14M), 10 humongous (20M), 18 free (36M)
}
Event: 3.622 {heap Before GC invocations=12 (full 0):
 garbage-first heap   total reserved 4120576K, committed 75776K, used 73009K [0x0000000704800000, 0x0000000800000000)
  region size 2M, 12 eden (24M), 2 survivor (4M), 7 old (14M), 16 humongous (32M), 0 free (0M)
}
Event: 3.629 {heap After GC invocations=13 (full 0):
 garbage-first heap   total reserved 4120576K, committed 245760K, used 17413K [0x0000000704800000, 0x0000000800000000)
  region size 2M, 0 eden (0M), 2 survivor (4M), 8 old (16M), 0 humongous (0M), 110 free (220M)
}

