# JRE version: Java(TM) SE Runtime Environment (26.0+35) (build 26+35-2893)
# Java VM: Java HotSpot(TM) 64-Bit Server VM (26+35-2893, mixed mode, sharing, tiered, compressed oops, compressed class ptrs, g1 gc, windows-amd64)
GC Precious Log:
 CardTable entry size: 512
 Card Set container configuration: InlinePtr #cards 5 size 8 Array Of Cards #cards 10 size 36 Howl #buckets 4 coarsen threshold 1843 Howl Bitmap #cards 512 size 80 coarsen threshold 460 Card regions per heap region 1 cards per card region 2048
 CPUs: 12 total, 12 available
 Memory: 16091M
 Large Page Support: Disabled
 NUMA Support: Disabled
 Compressed Oops: Enabled (32-bit)
 Heap Region Size: 1M
 Heap Min Capacity: 8M
 Heap Initial Capacity: 8M
 Heap Max Capacity: 256M
 Pre-touch: Disabled
 Parallel Workers: 10
 Concurrent Workers: 3
 Concurrent Refinement Workers: 10
 Periodic GC: Disabled
Heap:
 garbage-first heap   total reserved 262144K, committed 53248K, used 31924K [0x00000000f0000000, 0x0000000100000000)
  region size 1M, 9 eden (9M), 4 survivor (4M), 14 old (14M), 6 humongous (6M), 19 free (19M)
GC Heap Usage History (20 events):
Event: 0.251 {heap Before GC invocations=1 (full 0):
 garbage-first heap   total reserved 262144K, committed 10240K, used 4813K [0x00000000f0000000, 0x0000000100000000)
  region size 1M, 2 eden (2M), 1 survivor (1M), 3 old (3M), 0 humongous (0M), 4 free (4M)
}
Event: 0.254 {heap After GC invocations=2 (full 0):
 garbage-first heap   total reserved 262144K, committed 10240K, used 3066K [0x00000000f0000000, 0x0000000100000000)
  region size 1M, 0 eden (0M), 1 survivor (1M), 4 old (4M), 0 humongous (0M), 5 free (5M)
}
Event: 0.312 {heap Before GC invocations=2 (full 0):
 garbage-first heap   total reserved 262144K, committed 10240K, used 5114K [0x00000000f0000000, 0x0000000100000000)
  region size 1M, 2 eden (2M), 1 survivor (1M), 4 old (4M), 0 humongous (0M), 3 free (3M)
}
Event: 0.313 {heap After GC invocations=3 (full 0):
 garbage-first heap   total reserved 262144K, committed 29696K, used 3582K [0x00000000f0000000, 0x0000000100000000)
  region size 1M, 0 eden (0M), 1 survivor (1M), 4 old (4M), 0 humongous (0M), 24 free (24M)
}
Event: 0.599 {heap Before GC invocations=4 (full 0):
 garbage-first heap   total reserved 262144K, committed 29696K, used 16894K [0x00000000f0000000, 0x0000000100000000)
  region size 1M, 14 eden (14M), 1 survivor (1M), 4 old (4M), 0 humongous (0M), 10 free (10M)
}
Event: 0.603 {heap After GC invocations=5 (full 0):
 garbage-first heap   total reserved 262144K, committed 29696K, used 4590K [0x00000000f0000000, 0x0000000100000000)
  region size 1M, 0 eden (0M), 2 survivor (2M), 4 old (4M), 0 humongous (0M), 23 free (23M)
}
Event: 0.884 {heap Before GC invocations=5 (full 0):
 garbage-first heap   total reserved 262144K, committed 29696K, used 19950K [0x00000000f0000000, 0x0000000100000000)
  region size 1M, 15 eden (15M), 2 survivor (2M), 4 old (4M), 0 humongous (0M), 8 free (8M)
}
Event: 0.887 {heap After GC invocations=6 (full 0):
 garbage-first heap   total reserved 262144K, committed 29696K, used 5331K [0x00000000f0000000, 0x0000000100000000)
  region size 1M, 0 eden (0M), 3 survivor (3M), 3 old (3M), 0 humongous (0M), 23 free (23M)
}
Event: 1.222 {heap Before GC invocations=6 (full 0):
 garbage-first heap   total reserved 262144K, committed 29696K, used 19667K [0x00000000f0000000, 0x0000000100000000)
  region size 1M, 14 eden (14M), 3 survivor (3M), 3 old (3M), 0 humongous (0M), 9 free (9M)
}
Event: 1.229 {heap After GC invocations=7 (full 0):
 garbage-first heap   total reserved 262144K, committed 29696K, used 6492K [0x00000000f0000000, 0x0000000100000000)
  region size 1M, 0 eden (0M), 2 survivor (2M), 5 old (5M), 0 humongous (0M), 22 free (22M)
}
Event: 1.605 {heap Before GC invocations=7 (full 0):
 garbage-first heap   total reserved 262144K, committed 29696K, used 21852K [0x00000000f0000000, 0x0000000100000000)
  region size 1M, 15 eden (15M), 2 survivor (2M), 5 old (5M), 0 humongous (0M), 7 free (7M)
}
Event: 1.611 {heap After GC invocations=8 (full 0):
 garbage-first heap   total reserved 262144K, committed 53248K, used 8299K [0x00000000f0000000, 0x0000000100000000)
  region size 1M, 0 eden (0M), 3 survivor (3M), 6 old (6M), 0 humongous (0M), 43 free (43M)
}
Event: 2.078 {heap Before GC invocations=8 (full 0):
 garbage-first heap   total reserved 262144K, committed 53248K, used 36971K [0x00000000f0000000, 0x0000000100000000)
  region size 1M, 28 eden (28M), 3 survivor (3M), 6 old (6M), 0 humongous (0M), 15 free (15M)
}
Event: 2.086 {heap After GC invocations=9 (full 0):
 garbage-first heap   total reserved 262144K, committed 53248K, used 12019K [0x00000000f0000000, 0x0000000100000000)
  region size 1M, 0 eden (0M), 4 survivor (4M), 8 old (8M), 0 humongous (0M), 40 free (40M)
}
Event: 2.396 {heap Before GC invocations=9 (full 0):
 garbage-first heap   total reserved 262144K, committed 53248K, used 39667K [0x00000000f0000000, 0x0000000100000000)
  region size 1M, 27 eden (27M), 4 survivor (4M), 8 old (8M), 0 humongous (0M), 13 free (13M)
}
Event: 2.403 {heap After GC invocations=10 (full 0):
 garbage-first heap   total reserved 262144K, committed 53248K, used 15168K [0x00000000f0000000, 0x0000000100000000)
  region size 1M, 0 eden (0M), 3 survivor (3M), 12 old (12M), 0 humongous (0M), 37 free (37M)
}
Event: 2.893 {heap Before GC invocations=10 (full 0):
 garbage-first heap   total reserved 262144K, committed 53248K, used 43840K [0x00000000f0000000, 0x0000000100000000)
  region size 1M, 28 eden (28M), 3 survivor (3M), 12 old (12M), 0 humongous (0M), 9 free (9M)
}
Event: 2.897 {heap After GC invocations=11 (full 0):
 garbage-first heap   total reserved 262144K, committed 53248K, used 15973K [0x00000000f0000000, 0x0000000100000000)
  region size 1M, 0 eden (0M), 2 survivor (2M), 14 old (14M), 0 humongous (0M), 36 free (36M)
}
Event: 3.422 {heap Before GC invocations=11 (full 0):
 garbage-first heap   total reserved 262144K, committed 53248K, used 44645K [0x00000000f0000000, 0x0000000100000000)
  region size 1M, 28 eden (28M), 2 survivor (2M), 14 old (14M), 0 humongous (0M), 8 free (8M)
}
Event: 3.429 {heap After GC invocations=12 (full 0):
 garbage-first heap   total reserved 262144K, committed 53248K, used 17588K [0x00000000f0000000, 0x0000000100000000)
  region size 1M, 0 eden (0M), 4 survivor (4M), 14 old (14M), 0 humongous (0M), 34 free (34M)
}

