# JRE version: Java(TM) SE Runtime Environment (26.0+35) (build 26+35-2893)
# Java VM: Java HotSpot(TM) 64-Bit Server VM (26+35-2893, mixed mode, sharing, tiered, compressed oops, compressed class ptrs, g1 gc, windows-amd64)
GC Precious Log:
 CardTable entry size: 512
 Card Set container configuration: InlinePtr #cards 4 size 8 Array Of Cards #cards 16 size 48 Howl #buckets 8 coarsen threshold 3686 Howl Bitmap #cards 512 size 80 coarsen threshold 460 Card regions per heap region 1 cards per card region 4096
 CPUs: 12 total, 12 available
 Memory: 16091M
 Large Page Support: Disabled
 NUMA Support: Disabled
 Compressed Oops: Enabled (Zero based)
 Heap Region Size: 2M
 Heap Min Capacity: 8M
 Heap Initial Capacity: 8M
 Heap Max Capacity: 4024M
 Pre-touch: Disabled
 Parallel Workers: 10
 Concurrent Workers: 3
 Concurrent Refinement Workers: 10
 Periodic GC: Disabled
Heap:
 garbage-first heap   total reserved 4120576K, committed 77824K, used 48935K [0x0000000704800000, 0x0000000800000000)
  region size 2M, 0 eden (0M), 2 survivor (4M), 18 old (36M), 4 humongous (8M), 14 free (28M)
GC Heap Usage History (20 events):
Event: 2.044 {heap After GC invocations=7 (full 0):
 garbage-first heap   total reserved 4120576K, committed 24576K, used 4997K [0x0000000704800000, 0x0000000800000000)
  region size 2M, 0 eden (0M), 1 survivor (2M), 3 old (6M), 0 humongous (0M), 8 free (16M)
}
Event: 2.300 {heap Before GC invocations=7 (full 0):
 garbage-first heap   total reserved 4120576K, committed 24576K, used 17285K [0x0000000704800000, 0x0000000800000000)
  region size 2M, 6 eden (12M), 1 survivor (2M), 3 old (6M), 0 humongous (0M), 2 free (4M)
}
Event: 2.307 {heap After GC invocations=8 (full 0):
 garbage-first heap   total reserved 4120576K, committed 24576K, used 5753K [0x0000000704800000, 0x0000000800000000)
  region size 2M, 0 eden (0M), 1 survivor (2M), 3 old (6M), 0 humongous (0M), 8 free (16M)
}
Event: 2.741 {heap Before GC invocations=8 (full 0):
 garbage-first heap   total reserved 4120576K, committed 24576K, used 18041K [0x0000000704800000, 0x0000000800000000)
  region size 2M, 6 eden (12M), 1 survivor (2M), 3 old (6M), 0 humongous (0M), 2 free (4M)
}
Event: 2.746 {heap After GC invocations=9 (full 0):
 garbage-first heap   total reserved 4120576K, committed 24576K, used 7005K [0x0000000704800000, 0x0000000800000000)
  region size 2M, 0 eden (0M), 1 survivor (2M), 3 old (6M), 0 humongous (0M), 8 free (16M)
}
Event: 3.054 {heap Before GC invocations=9 (full 0):
 garbage-first heap   total reserved 4120576K, committed 24576K, used 19293K [0x0000000704800000, 0x0000000800000000)
  region size 2M, 6 eden (12M), 1 survivor (2M), 3 old (6M), 0 humongous (0M), 2 free (4M)
}
Event: 3.062 {heap After GC invocations=10 (full 0):
 garbage-first heap   total reserved 4120576K, committed 24576K, used 9152K [0x0000000704800000, 0x0000000800000000)
  region size 2M, 0 eden (0M), 1 survivor (2M), 4 old (8M), 0 humongous (0M), 7 free (14M)
}
Event: 3.281 {heap Before GC invocations=10 (full 0):
 garbage-first heap   total reserved 4120576K, committed 24576K, used 19392K [0x0000000704800000, 0x0000000800000000)
  region size 2M, 5 eden (10M), 1 survivor (2M), 4 old (8M), 0 humongous (0M), 2 free (4M)
}
Event: 3.285 {heap After GC invocations=11 (full 0):
 garbage-first heap   total reserved 4120576K, committed 67584K, used 10221K [0x0000000704800000, 0x0000000800000000)
  region size 2M, 0 eden (0M), 1 survivor (2M), 5 old (10M), 0 humongous (0M), 27 free (54M)
}
Event: 3.896 {heap Before GC invocations=11 (full 0):
 garbage-first heap   total reserved 4120576K, committed 67584K, used 36845K [0x0000000704800000, 0x0000000800000000)
  region size 2M, 14 eden (28M), 1 survivor (2M), 5 old (10M), 0 humongous (0M), 13 free (26M)
}
Event: 3.906 {heap After GC invocations=12 (full 0):
 garbage-first heap   total reserved 4120576K, committed 67584K, used 15033K [0x0000000704800000, 0x0000000800000000)
  region size 2M, 0 eden (0M), 3 survivor (6M), 5 old (10M), 0 humongous (0M), 25 free (50M)
}
Event: 4.660 {heap Before GC invocations=13 (full 0):
 garbage-first heap   total reserved 4120576K, committed 67584K, used 47801K [0x0000000704800000, 0x0000000800000000)
  region size 2M, 16 eden (32M), 3 survivor (6M), 5 old (10M), 0 humongous (0M), 9 free (18M)
}
Event: 4.673 {heap After GC invocations=14 (full 0):
 garbage-first heap   total reserved 4120576K, committed 67584K, used 18537K [0x0000000704800000, 0x0000000800000000)
  region size 2M, 0 eden (0M), 2 survivor (4M), 8 old (16M), 0 humongous (0M), 23 free (46M)
}
Event: 5.325 {heap Before GC invocations=14 (full 0):
 garbage-first heap   total reserved 4120576K, committed 67584K, used 53353K [0x0000000704800000, 0x0000000800000000)
  region size 2M, 17 eden (34M), 2 survivor (4M), 8 old (16M), 0 humongous (0M), 6 free (12M)
}
Event: 5.336 {heap After GC invocations=15 (full 0):
 garbage-first heap   total reserved 4120576K, committed 67584K, used 18682K [0x0000000704800000, 0x0000000800000000)
  region size 2M, 0 eden (0M), 1 survivor (2M), 9 old (18M), 0 humongous (0M), 23 free (46M)
}
Event: 6.102 {heap Before GC invocations=15 (full 0):
 garbage-first heap   total reserved 4120576K, committed 67584K, used 57594K [0x0000000704800000, 0x0000000800000000)
  region size 2M, 18 eden (36M), 1 survivor (2M), 9 old (18M), 2 humongous (4M), 3 free (6M)
}
Event: 6.113 {heap After GC invocations=16 (full 0):
 garbage-first heap   total reserved 4120576K, committed 67584K, used 28672K [0x0000000704800000, 0x0000000800000000)
  region size 2M, 0 eden (0M), 3 survivor (6M), 9 old (18M), 2 humongous (4M), 19 free (38M)
}
Event: 6.687 {heap Before GC invocations=16 (full 0):
 garbage-first heap   total reserved 4120576K, committed 67584K, used 59392K [0x0000000704800000, 0x0000000800000000)
  region size 2M, 13 eden (26M), 3 survivor (6M), 9 old (18M), 4 humongous (8M), 4 free (8M)
}
Event: 6.712 {heap After GC invocations=17 (full 0):
 garbage-first heap   total reserved 4120576K, committed 77824K, used 43688K [0x0000000704800000, 0x0000000800000000)
  region size 2M, 0 eden (0M), 2 survivor (4M), 16 old (32M), 4 humongous (8M), 16 free (32M)
}
Event: 7.338 {heap Before GC invocations=17 (full 0):
 garbage-first heap   total reserved 4120576K, committed 77824K, used 64168K [0x0000000704800000, 0x0000000800000000)
  region size 2M, 10 eden (20M), 2 survivor (4M), 16 old (32M), 4 humongous (8M), 6 free (12M)
}

